<?xml version="1.0" encoding="UTF-8"?>
<!-- Generated by org.testng.reporters.JUnitXMLReporter -->
<testsuite hostname="DESKTOP-M3E2BR1" ignored="3" name="Test" tests="2" failures="0" timestamp="2021-02-21T21:35:41 IST" time="23.629" errors="0">
  <testcase name="runCreateLead" time="8.818" classname="testcases.CreateLead"/>
  <testcase name="runEditLead" time="8.902" classname="testcases.EditLead"/>
  <testcase name="@BeforeTest executeTestLevel" time="0.0" classname="utils.ExtentReport">
    <ignored/>
  </testcase> <!-- @BeforeTest executeTestLevel -->
  <testcase name="@BeforeSuite initExtentReport" time="0.0" classname="utils.ExtentReport">
    <ignored/>
  </testcase> <!-- @BeforeSuite initExtentReport -->
  <testcase name="@AfterSuite closeFlush" time="0.0" classname="utils.ExtentReport">
    <ignored/>
  </testcase> <!-- @AfterSuite closeFlush -->
</testsuite> <!-- Test -->
