<?xml version="1.0" encoding="UTF-8"?>
<testng-results skipped="0" failed="0" ignored="3" total="5" passed="2">
  <reporter-output>
  </reporter-output>
  <suite name="Suite" duration-ms="23629" started-at="2021-02-21T21:35:17 IST" finished-at="2021-02-21T21:35:41 IST">
    <groups>
    </groups>
    <test name="Test" duration-ms="23629" started-at="2021-02-21T21:35:17 IST" finished-at="2021-02-21T21:35:41 IST">
      <class name="testcases.EditLead">
        <test-method status="PASS" signature="launchApplication(java.lang.String)[pri:0, instance:testcases.EditLead@4c762604]" name="launchApplication" is-config="true" duration-ms="2194" started-at="2021-02-21T21:35:30 IST" finished-at="2021-02-21T21:35:32 IST">
          <params>
            <param index="0">
              <value>
                <![CDATA[english]]>
              </value>
            </param>
          </params>
          <reporter-output>
          </reporter-output>
        </test-method> <!-- launchApplication -->
        <test-method status="PASS" signature="runEditLead()[pri:0, instance:testcases.EditLead@4c762604]" name="runEditLead" duration-ms="8902" started-at="2021-02-21T21:35:32 IST" finished-at="2021-02-21T21:35:41 IST">
          <reporter-output>
          </reporter-output>
        </test-method> <!-- runEditLead -->
      </class> <!-- testcases.EditLead -->
      <class name="testcases.CreateLead">
        <test-method status="PASS" signature="initExtentReport()[pri:0, instance:testcases.CreateLead@77846d2c]" name="initExtentReport" is-config="true" duration-ms="196" started-at="2021-02-21T21:35:17 IST" finished-at="2021-02-21T21:35:17 IST">
          <reporter-output>
          </reporter-output>
        </test-method> <!-- initExtentReport -->
        <test-method status="PASS" signature="executeTestLevel()[pri:0, instance:testcases.CreateLead@77846d2c]" name="executeTestLevel" is-config="true" duration-ms="16" started-at="2021-02-21T21:35:17 IST" finished-at="2021-02-21T21:35:17 IST">
          <reporter-output>
          </reporter-output>
        </test-method> <!-- executeTestLevel -->
        <test-method status="PASS" signature="getExcel()[pri:0, instance:testcases.CreateLead@77846d2c]" name="getExcel" is-config="true" duration-ms="0" started-at="2021-02-21T21:35:17 IST" depends-on-methods="utils.ExtentReport.executeTestLevel" finished-at="2021-02-21T21:35:17 IST">
          <reporter-output>
          </reporter-output>
        </test-method> <!-- getExcel -->
        <test-method status="PASS" signature="launchApplication(java.lang.String)[pri:0, instance:testcases.CreateLead@77846d2c]" name="launchApplication" is-config="true" duration-ms="3242" started-at="2021-02-21T21:35:18 IST" finished-at="2021-02-21T21:35:21 IST">
          <params>
            <param index="0">
              <value>
                <![CDATA[english]]>
              </value>
            </param>
          </params>
          <reporter-output>
          </reporter-output>
        </test-method> <!-- launchApplication -->
        <test-method status="PASS" signature="runCreateLead(java.lang.String, java.lang.String, java.lang.String)[pri:0, instance:testcases.CreateLead@77846d2c]" name="runCreateLead" duration-ms="8818" started-at="2021-02-21T21:35:21 IST" data-provider="fetchdata" finished-at="2021-02-21T21:35:30 IST">
          <params>
            <param index="0">
              <value>
                <![CDATA[Wirpo]]>
              </value>
            </param>
            <param index="1">
              <value>
                <![CDATA[Karthik]]>
              </value>
            </param>
            <param index="2">
              <value>
                <![CDATA[Gunasekaran]]>
              </value>
            </param>
          </params>
          <reporter-output>
          </reporter-output>
        </test-method> <!-- runCreateLead -->
        <test-method status="PASS" signature="closeFlush()[pri:0, instance:testcases.CreateLead@77846d2c]" name="closeFlush" is-config="true" duration-ms="274" started-at="2021-02-21T21:35:41 IST" finished-at="2021-02-21T21:35:41 IST">
          <reporter-output>
          </reporter-output>
        </test-method> <!-- closeFlush -->
      </class> <!-- testcases.CreateLead -->
    </test> <!-- Test -->
  </suite> <!-- Suite -->
</testng-results>
